<?xml version="1.0" encoding="UTF-8"?>
<testsuite xmlns:xsi="http://www.w3.org/2001/XMLSchema-instance" xsi:noNamespaceSchemaLocation="https://maven.apache.org/surefire/maven-surefire-plugin/xsd/surefire-test-report-3.0.xsd" version="3.0" name="com.cpd.cpd2.CPDModelTests" time="2.999" tests="1" errors="0" skipped="0" failures="0">
  <properties>
[...]
</properties>
  <testcase name="contextLoads" classname="com.cpd.cpd2.CPDModelTests" time="0.274">
    <system-out><![CDATA[21:36:39.860 [main] INFO org.springframework.test.context.support.AnnotationConfigContextLoaderUtils -- Could not detect default configuration classes for test class [com.cpd.cpd2.CPDModelTests]: CPDModelTests does not declare any static, non-private, non-final, nested classes annotated with @Configuration.
21:36:39.921 [main] INFO org.springframework.boot.test.context.SpringBootTestContextBootstrapper -- Found @SpringBootConfiguration com.cpd.cpd2.CPDModel for test class com.cpd.cpd2.CPDModelTests

  .   ____          _            __ _ _
 /\\ / ___'_ __ _ _(_)_ __  __ _ \ \ \ \
( ( )\___ | '_ | '_| | '_ \/ _` | \ \ \ \
 \\/  ___)| |_)| | | | | || (_| |  ) ) ) )
  '  |____| .__|_| |_|_| |_\__, | / / / /
 =========|_|==============|___/=/_/_/_/

 :: Spring Boot ::                (v3.3.2)

2024-07-27T21:36:40.186+03:00  INFO 28604 --- [CPD2.0'] [           main] com.cpd.cpd2.CPDModelTests               : Starting CPDModelTests using Java 21.0.1 with PID 28604 (started by X Nuke in E:\projects\CPD2.0)
2024-07-27T21:36:40.187+03:00  INFO 28604 --- [CPD2.0'] [           main] com.cpd.cpd2.CPDModelTests               : The following 1 profile is active: "local"
2024-07-27T21:36:40.570+03:00  INFO 28604 --- [CPD2.0'] [           main] .s.d.r.c.RepositoryConfigurationDelegate : Bootstrapping Spring Data JPA repositories in DEFAULT mode.
2024-07-27T21:36:40.612+03:00  INFO 28604 --- [CPD2.0'] [           main] .s.d.r.c.RepositoryConfigurationDelegate : Finished Spring Data repository scanning in 36 ms. Found 1 JPA repository interface.
2024-07-27T21:36:40.896+03:00  INFO 28604 --- [CPD2.0'] [           main] o.hibernate.jpa.internal.util.LogHelper  : HHH000204: Processing PersistenceUnitInfo [name: default]
2024-07-27T21:36:40.935+03:00  INFO 28604 --- [CPD2.0'] [           main] org.hibernate.Version                    : HHH000412: Hibernate ORM core version 6.5.2.Final
2024-07-27T21:36:40.959+03:00  INFO 28604 --- [CPD2.0'] [           main] o.h.c.internal.RegionFactoryInitiator    : HHH000026: Second-level cache disabled
2024-07-27T21:36:41.167+03:00  INFO 28604 --- [CPD2.0'] [           main] o.s.o.j.p.SpringPersistenceUnitInfo      : No LoadTimeWeaver setup: ignoring JPA class transformer
2024-07-27T21:36:41.189+03:00  INFO 28604 --- [CPD2.0'] [           main] com.zaxxer.hikari.HikariDataSource       : HikariPool-1 - Starting...
2024-07-27T21:36:41.305+03:00  INFO 28604 --- [CPD2.0'] [           main] com.zaxxer.hikari.pool.HikariPool        : HikariPool-1 - Added connection org.postgresql.jdbc.PgConnection@2154652c
2024-07-27T21:36:41.306+03:00  INFO 28604 --- [CPD2.0'] [           main] com.zaxxer.hikari.HikariDataSource       : HikariPool-1 - Start completed.
2024-07-27T21:36:41.324+03:00  WARN 28604 --- [CPD2.0'] [           main] org.hibernate.orm.deprecation            : HHH90000025: PostgreSQLDialect does not need to be specified explicitly using 'hibernate.dialect' (remove the property setting and it will be selected by default)
2024-07-27T21:36:41.828+03:00  INFO 28604 --- [CPD2.0'] [           main] o.h.e.t.j.p.i.JtaPlatformInitiator       : HHH000489: No JTA platform available (set 'hibernate.transaction.jta.platform' to enable JTA platform integration)
2024-07-27T21:36:41.829+03:00  INFO 28604 --- [CPD2.0'] [           main] j.LocalContainerEntityManagerFactoryBean : Initialized JPA EntityManagerFactory for persistence unit 'default'
2024-07-27T21:36:42.214+03:00  WARN 28604 --- [CPD2.0'] [           main] JpaBaseConfiguration$JpaWebConfiguration : spring.jpa.open-in-view is enabled by default. Therefore, database queries may be performed during view rendering. Explicitly configure spring.jpa.open-in-view to disable this warning
2024-07-27T21:36:42.471+03:00  INFO 28604 --- [CPD2.0'] [           main] com.cpd.cpd2.CPDModelTests               : Started CPDModelTests in 2.459 seconds (process running for 3.036)
]]></system-out>
    <system-err><![CDATA[WARNING: A Java agent has been loaded dynamically (C:\Users\X Nuke\.m2\repository\net\bytebuddy\byte-buddy-agent\1.14.18\byte-buddy-agent-1.14.18.jar)
WARNING: If a serviceability tool is in use, please run with -XX:+EnableDynamicAgentLoading to hide this warning
WARNING: If a serviceability tool is not in use, please run with -Djdk.instrument.traceUsage for more information
WARNING: Dynamic loading of agents will be disallowed by default in a future release
]]></system-err>
  </testcase>
</testsuite>